
> @fonderie/adapter-hono@1.0.0 build
> tsup

CLI Building entry: src/index.ts
CLI Using tsconfig: tsconfig.json
CLI tsup v8.5.1
CLI Using tsup config: /Users/choleski/Development/projects/crewfinding/fonderie-js/packages/adapter-hono/tsup.config.ts
CLI Target: esnext
CLI Cleaning output folder
ESM Build start
CJS Build start
ESM dist/index.js     1.48 KB
ESM dist/index.js.map 4.74 KB
ESM ⚡️ Build success in 12ms
CJS dist/index.cjs     2.73 KB
CJS dist/index.cjs.map 4.89 KB
CJS ⚡️ Build success in 12ms
DTS Build start
DTS ⚡️ Build success in 537ms
DTS dist/index.d.ts  1.17 KB
DTS dist/index.d.cts 1.17 KB
