
> @fonderie/permissions@1.0.0 build
> tsup && node -e "require('node:fs').cpSync('src/migrations/sql', 'dist/migrations/sql', {recursive:true})"

CLI Building entry: {"migrations/index":"src/migrations/index.ts"}
CLI Using tsconfig: tsconfig.json
CLI tsup v8.5.1
CLI Using tsup config: /Users/choleski/Development/projects/crewfinding/fonderie-js/packages/permissions/tsup.config.ts
CLI Building entry: src/config.ts, src/index.ts, src/types.ts, src/middlewares/index.ts
CLI Using tsconfig: tsconfig.json
CLI tsup v8.5.1
CLI Using tsup config: /Users/choleski/Development/projects/crewfinding/fonderie-js/packages/permissions/tsup.config.ts
CLI Target: esnext
ESM Build start
CLI Target: esnext
CLI Cleaning output folder
ESM Build start
CJS Build start
ESM dist/migrations/index.js     217.00 B
ESM dist/migrations/index.js.map 308.00 B
ESM ⚡️ Build success in 32ms
ESM dist/middlewares/index.js     6.60 KB
ESM dist/config.js                34.00 B
ESM dist/index.js                 7.12 KB
ESM dist/types.js                 33.00 B
ESM dist/middlewares/index.js.map 14.77 KB
ESM dist/index.js.map             15.13 KB
ESM dist/config.js.map            71.00 B
ESM dist/types.js.map             71.00 B
ESM ⚡️ Build success in 43ms
CJS dist/config.cjs                796.00 B
CJS dist/types.cjs                 792.00 B
CJS dist/index.cjs                 8.57 KB
CJS dist/middlewares/index.cjs     7.86 KB
CJS dist/config.cjs.map            399.00 B
CJS dist/types.cjs.map             706.00 B
CJS dist/middlewares/index.cjs.map 14.91 KB
CJS dist/index.cjs.map             15.66 KB
CJS ⚡️ Build success in 44ms
DTS Build start
DTS Build start
DTS ⚡️ Build success in 1104ms
DTS dist/migrations/index.d.ts 78.00 B
DTS ⚡️ Build success in 1683ms
DTS dist/config.d.ts             119.00 B
DTS dist/types.d.ts              642.00 B
DTS dist/index.d.ts              1.87 KB
DTS dist/middlewares/index.d.ts  693.00 B
DTS dist/config.d.cts            119.00 B
DTS dist/types.d.cts             642.00 B
DTS dist/index.d.cts             1.87 KB
DTS dist/middlewares/index.d.cts 694.00 B
