
> @fonderie/events@1.0.0 build
> tsup && node -e "require('node:fs').cpSync('src/migrations/sql', 'dist/migrations/sql', {recursive:true})"

CLI Building entry: {"migrations/index":"src/migrations/index.ts"}
CLI Using tsconfig: tsconfig.json
CLI tsup v8.5.1
CLI Using tsup config: /Users/choleski/Development/projects/crewfinding/fonderie-js/packages/events/tsup.config.ts
CLI Building entry: src/index.ts
CLI Using tsconfig: tsconfig.json
CLI tsup v8.5.1
CLI Using tsup config: /Users/choleski/Development/projects/crewfinding/fonderie-js/packages/events/tsup.config.ts
CLI Target: esnext
ESM Build start
CLI Target: esnext
CLI Cleaning output folder
ESM Build start
CJS Build start
ESM dist/migrations/index.js     229.00 B
ESM dist/migrations/index.js.map 332.00 B
ESM ⚡️ Build success in 35ms
ESM dist/index.js     7.50 KB
ESM dist/index.js.map 16.00 KB
ESM ⚡️ Build success in 36ms
CJS dist/index.cjs     9.36 KB
CJS dist/index.cjs.map 16.08 KB
CJS ⚡️ Build success in 36ms
DTS Build start
DTS Build start
DTS ⚡️ Build success in 933ms
DTS dist/migrations/index.d.ts 77.00 B
DTS ⚡️ Build success in 1172ms
DTS dist/index.d.ts  3.27 KB
DTS dist/index.d.cts 3.27 KB
