
> @fonderie/adapter-koa@1.0.0 build
> tsup

CLI Building entry: src/index.ts
CLI Using tsconfig: tsconfig.json
CLI tsup v8.5.1
CLI Using tsup config: /Users/choleski/Development/projects/crewfinding/fonderie-js/packages/adapter-koa/tsup.config.ts
CLI Target: esnext
CLI Cleaning output folder
ESM Build start
CJS Build start
ESM dist/index.js     2.73 KB
ESM dist/index.js.map 8.04 KB
ESM ⚡️ Build success in 12ms
CJS dist/index.cjs     4.07 KB
CJS dist/index.cjs.map 8.20 KB
CJS ⚡️ Build success in 12ms
DTS Build start
DTS ⚡️ Build success in 523ms
DTS dist/index.d.ts  1.66 KB
DTS dist/index.d.cts 1.66 KB
