
> @fonderie-js/workspaces@1.0.0 build
> tsup && node -e "require('node:fs').cpSync('src/migrations/sql', 'dist/migrations/sql', {recursive:true})"

CLI Building entry: {"migrations/index":"src/migrations/index.ts"}
CLI Using tsconfig: tsconfig.json
CLI tsup v8.5.1
CLI Using tsup config: /Users/choleski/Development/projects/crewfinding/fonderie-js/packages/workspaces/tsup.config.ts
CLI Building entry: src/index.ts, src/types.ts, src/middlewares/index.ts
CLI Using tsconfig: tsconfig.json
CLI tsup v8.5.1
CLI Using tsup config: /Users/choleski/Development/projects/crewfinding/fonderie-js/packages/workspaces/tsup.config.ts
CLI Target: esnext
ESM Build start
CLI Target: esnext
CLI Cleaning output folder
ESM Build start
CJS Build start
ESM dist/migrations/index.js     220.00 B
ESM dist/migrations/index.js.map 311.00 B
ESM ⚡️ Build success in 20ms
ESM dist/middlewares/index.js     3.20 KB
ESM dist/types.js                 33.00 B
ESM dist/index.js                 43.96 KB
ESM dist/middlewares/index.js.map 15.45 KB
ESM dist/types.js.map             71.00 B
ESM dist/index.js.map             88.45 KB
ESM ⚡️ Build success in 33ms
CJS dist/index.cjs                 48.61 KB
CJS dist/middlewares/index.cjs     4.32 KB
CJS dist/types.cjs                 792.00 B
CJS dist/index.cjs.map             89.08 KB
CJS dist/middlewares/index.cjs.map 15.59 KB
CJS dist/types.cjs.map             1.76 KB
CJS ⚡️ Build success in 34ms
DTS Build start
DTS Build start
DTS ⚡️ Build success in 391ms
DTS dist/migrations/index.d.ts 78.00 B
DTS ⚡️ Build success in 859ms
DTS dist/types.d.ts              1.75 KB
DTS dist/index.d.ts              3.02 KB
DTS dist/middlewares/index.d.ts  402.00 B
DTS dist/types.d.cts             1.75 KB
DTS dist/index.d.cts             3.03 KB
DTS dist/middlewares/index.d.cts 402.00 B
