
> @fonderie-js/audit@1.0.0 build
> tsup

CLI Building entry: src/index.ts
CLI Using tsconfig: tsconfig.json
CLI tsup v8.5.1
CLI Using tsup config: /Users/choleski/Development/projects/crewfinding/fonderie-js/packages/audit/tsup.config.ts
CLI Target: esnext
CLI Cleaning output folder
ESM Build start
CJS Build start
ESM dist/index.js     4.13 KB
ESM dist/index.js.map 8.66 KB
ESM ⚡️ Build success in 58ms
CJS dist/index.cjs     5.21 KB
CJS dist/index.cjs.map 8.88 KB
CJS ⚡️ Build success in 61ms
DTS Build start
DTS ⚡️ Build success in 1100ms
DTS dist/index.d.ts  1.02 KB
DTS dist/index.d.cts 1.02 KB
