
> @fonderie/courier@1.0.0 build
> tsup && node -e "require('node:fs').cpSync('src/migrations/sql', 'dist/migrations/sql', {recursive:true})"

CLI Building entry: {"migrations/index":"src/migrations/index.ts"}
CLI Using tsconfig: tsconfig.json
CLI tsup v8.5.1
CLI Using tsup config: /Users/choleski/Development/projects/crewfinding/fonderie-js/packages/courier/tsup.config.ts
CLI Building entry: src/index.ts, src/types.ts
CLI Using tsconfig: tsconfig.json
CLI tsup v8.5.1
CLI Using tsup config: /Users/choleski/Development/projects/crewfinding/fonderie-js/packages/courier/tsup.config.ts
CLI Target: esnext
ESM Build start
CLI Target: esnext
CLI Cleaning output folder
ESM Build start
CJS Build start
ESM dist/migrations/index.js     217.00 B
ESM dist/migrations/index.js.map 308.00 B
ESM ⚡️ Build success in 28ms
ESM dist/index.js     17.40 KB
ESM dist/types.js     33.00 B
ESM dist/index.js.map 37.41 KB
ESM dist/types.js.map 71.00 B
ESM ⚡️ Build success in 33ms
CJS dist/index.cjs     19.54 KB
CJS dist/types.cjs     792.00 B
CJS dist/types.cjs.map 702.00 B
CJS dist/index.cjs.map 38.26 KB
CJS ⚡️ Build success in 34ms
DTS Build start
DTS Build start
DTS ⚡️ Build success in 617ms
DTS dist/migrations/index.d.ts 78.00 B
DTS ⚡️ Build success in 980ms
DTS dist/index.d.ts  3.99 KB
DTS dist/types.d.ts  1.11 KB
DTS dist/index.d.cts 3.99 KB
DTS dist/types.d.cts 1.11 KB
