
> @fonderie-js/adapter-express@1.0.0 build
> tsup

CLI Building entry: src/index.ts
CLI Using tsconfig: tsconfig.json
CLI tsup v8.5.1
CLI Using tsup config: /Users/choleski/Development/projects/crewfinding/fonderie-js/packages/adapter-express/tsup.config.ts
CLI Target: esnext
CLI Cleaning output folder
ESM Build start
CJS Build start
ESM dist/index.js     3.57 KB
ESM dist/index.js.map 9.03 KB
ESM ⚡️ Build success in 14ms
CJS dist/index.cjs     4.92 KB
CJS dist/index.cjs.map 9.19 KB
CJS ⚡️ Build success in 14ms
DTS Build start
DTS ⚡️ Build success in 568ms
DTS dist/index.d.ts  2.04 KB
DTS dist/index.d.cts 2.04 KB
