
> @fonderie/webhooks@1.0.0 build
> tsup && node -e "require('node:fs').cpSync('src/migrations/sql', 'dist/migrations/sql', {recursive:true})"

CLI Building entry: {"migrations/index":"src/migrations/index.ts"}
CLI Using tsconfig: tsconfig.json
CLI tsup v8.5.1
CLI Using tsup config: /Users/choleski/Development/projects/crewfinding/fonderie-js/packages/webhooks/tsup.config.ts
CLI Building entry: src/index.ts
CLI Using tsconfig: tsconfig.json
CLI tsup v8.5.1
CLI Using tsup config: /Users/choleski/Development/projects/crewfinding/fonderie-js/packages/webhooks/tsup.config.ts
CLI Target: esnext
ESM Build start
CLI Target: esnext
CLI Cleaning output folder
ESM Build start
CJS Build start
ESM dist/migrations/index.js     217.00 B
ESM dist/migrations/index.js.map 308.00 B
ESM ⚡️ Build success in 37ms
CJS dist/index.cjs     16.91 KB
CJS dist/index.cjs.map 29.39 KB
CJS ⚡️ Build success in 47ms
ESM dist/index.js     15.11 KB
ESM dist/index.js.map 28.99 KB
ESM ⚡️ Build success in 47ms
DTS Build start
DTS Build start
DTS ⚡️ Build success in 567ms
DTS dist/migrations/index.d.ts 78.00 B
DTS ⚡️ Build success in 683ms
DTS dist/index.d.ts  1.84 KB
DTS dist/index.d.cts 1.84 KB
